b/intermediates/manifest_merge_blame_file/debug/processDebugMainManifest/manifest-merger-blame-debug-report.txt
1<?xml version="1.0" encoding="utf-8"?>
2<manifest xmlns:android="http://schemas.android.com/apk/res/android"
3    package="com.example.gestaobilhares"
4    android:versionCode="1"
5    android:versionName="1.0" >
6
7    <uses-sdk
8        android:minSdkVersion="24"
9        android:targetSdkVersion="34" />
10
11    <uses-permission android:name="android.permission.INTERNET" />
11-->src\main\AndroidManifest.xml:5:5-67
11-->src\main\AndroidManifest.xml:5:22-64
12    <uses-permission android:name="android.permission.ACCESS_NETWORK_STATE" />
12-->src\main\AndroidManifest.xml:6:5-79
12-->src\main\AndroidManifest.xml:6:22-76
13    <uses-permission android:name="android.permission.BLUETOOTH" />
13-->src\main\AndroidManifest.xml:7:5-68
13-->src\main\AndroidManifest.xml:7:22-65
14    <!-- BLUETOOTH_ADMIN é legado e não necessário em APIs modernas -->
15    <uses-permission android:name="android.permission.BLUETOOTH_CONNECT" />
15-->src\main\AndroidManifest.xml:9:5-76
15-->src\main\AndroidManifest.xml:9:22-73
16    <uses-permission android:name="android.permission.BLUETOOTH_SCAN" />
16-->src\main\AndroidManifest.xml:10:5-73
16-->src\main\AndroidManifest.xml:10:22-70
17    <!-- Removido: usar Scoped Storage + FileProvider -->
18    <!-- ✅ NOVO: Permissões de Geolocalização -->
19    <uses-permission android:name="android.permission.ACCESS_FINE_LOCATION" />
19-->src\main\AndroidManifest.xml:13:5-79
19-->src\main\AndroidManifest.xml:13:22-76
20    <uses-permission android:name="android.permission.ACCESS_COARSE_LOCATION" />
20-->src\main\AndroidManifest.xml:14:5-81
20-->src\main\AndroidManifest.xml:14:22-78
21
22    <!-- ✅ NOVO: Permissões para Câmera -->
23    <uses-permission android:name="android.permission.CAMERA" />
23-->src\main\AndroidManifest.xml:17:5-65
23-->src\main\AndroidManifest.xml:17:22-62
24
25    <uses-feature
25-->src\main\AndroidManifest.xml:18:5-85
26        android:name="android.hardware.camera"
26-->src\main\AndroidManifest.xml:18:19-57
27        android:required="false" />
27-->src\main\AndroidManifest.xml:18:58-82
28    <uses-feature
28-->src\main\AndroidManifest.xml:19:5-95
29        android:name="android.hardware.camera.autofocus"
29-->src\main\AndroidManifest.xml:19:19-67
30        android:required="false" />
30-->src\main\AndroidManifest.xml:19:68-92
31
32    <uses-permission android:name="com.google.android.providers.gsf.permission.READ_GSERVICES" />
32-->[com.google.android.recaptcha:recaptcha:18.4.0] AndroidManifest.xml:9:5-98
32-->[com.google.android.recaptcha:recaptcha:18.4.0] AndroidManifest.xml:9:22-95
33    <uses-permission android:name="android.permission.WAKE_LOCK" />
33-->[androidx.work:work-runtime:2.9.1] AndroidManifest.xml:23:5-68
33-->[androidx.work:work-runtime:2.9.1] AndroidManifest.xml:23:22-65
34    <uses-permission android:name="android.permission.RECEIVE_BOOT_COMPLETED" />
34-->[androidx.work:work-runtime:2.9.1] AndroidManifest.xml:25:5-81
34-->[androidx.work:work-runtime:2.9.1] AndroidManifest.xml:25:22-78
35    <uses-permission android:name="android.permission.FOREGROUND_SERVICE" />
35-->[androidx.work:work-runtime:2.9.1] AndroidManifest.xml:26:5-77
35-->[androidx.work:work-runtime:2.9.1] AndroidManifest.xml:26:22-74
36
37    <permission
37-->[androidx.core:core:1.12.0] AndroidManifest.xml:22:5-24:47
38        android:name="com.example.gestaobilhares.DYNAMIC_RECEIVER_NOT_EXPORTED_PERMISSION"
38-->[androidx.core:core:1.12.0] AndroidManifest.xml:23:9-81
39        android:protectionLevel="signature" />
39-->[androidx.core:core:1.12.0] AndroidManifest.xml:24:9-44
40
41    <uses-permission android:name="com.example.gestaobilhares.DYNAMIC_RECEIVER_NOT_EXPORTED_PERMISSION" />
41-->[androidx.core:core:1.12.0] AndroidManifest.xml:26:5-97
41-->[androidx.core:core:1.12.0] AndroidManifest.xml:26:22-94
42
43    <application
43-->src\main\AndroidManifest.xml:21:5-52:19
44        android:name="com.example.gestaobilhares.GestaoBilharesApplication"
44-->src\main\AndroidManifest.xml:22:9-76
45        android:allowBackup="false"
45-->src\main\AndroidManifest.xml:23:9-36
46        android:appComponentFactory="androidx.core.app.CoreComponentFactory"
46-->[androidx.core:core:1.12.0] AndroidManifest.xml:28:18-86
47        android:debuggable="true"
48        android:extractNativeLibs="false"
49        android:icon="@drawable/bilhar_launcher"
49-->src\main\AndroidManifest.xml:24:9-49
50        android:label="@string/app_name"
50-->src\main\AndroidManifest.xml:25:9-41
51        android:roundIcon="@drawable/bilhar_launcher"
51-->src\main\AndroidManifest.xml:26:9-54
52        android:supportsRtl="true"
52-->src\main\AndroidManifest.xml:27:9-35
53        android:theme="@style/Theme.GestaoBilhares" >
53-->src\main\AndroidManifest.xml:28:9-52
54        <activity
54-->src\main\AndroidManifest.xml:31:9-39:20
55            android:name="com.example.gestaobilhares.MainActivity"
55-->src\main\AndroidManifest.xml:32:13-41
56            android:exported="true"
56-->src\main\AndroidManifest.xml:33:13-36
57            android:theme="@style/Theme.GestaoBilhares" >
57-->src\main\AndroidManifest.xml:34:13-56
58            <intent-filter>
58-->src\main\AndroidManifest.xml:35:13-38:29
59                <action android:name="android.intent.action.MAIN" />
59-->src\main\AndroidManifest.xml:36:17-69
59-->src\main\AndroidManifest.xml:36:25-66
60
61                <category android:name="android.intent.category.LAUNCHER" />
61-->src\main\AndroidManifest.xml:37:17-77
61-->src\main\AndroidManifest.xml:37:27-74
62            </intent-filter>
63        </activity>
64
65        <!-- ✅ NOVO: FileProvider para compartilhamento de PDFs -->
66        <provider
67            android:name="androidx.core.content.FileProvider"
67-->src\main\AndroidManifest.xml:43:13-62
68            android:authorities="com.example.gestaobilhares.fileprovider"
68-->src\main\AndroidManifest.xml:44:13-64
69            android:exported="false"
69-->src\main\AndroidManifest.xml:45:13-37
70            android:grantUriPermissions="true" >
70-->src\main\AndroidManifest.xml:46:13-47
71            <meta-data
71-->src\main\AndroidManifest.xml:47:13-49:54
72                android:name="android.support.FILE_PROVIDER_PATHS"
72-->src\main\AndroidManifest.xml:48:17-67
73                android:resource="@xml/file_paths" />
73-->src\main\AndroidManifest.xml:49:17-51
74        </provider>
75
76        <activity
76-->[com.google.android.gms:play-services-auth:20.7.0] AndroidManifest.xml:23:9-27:75
77            android:name="com.google.android.gms.auth.api.signin.internal.SignInHubActivity"
77-->[com.google.android.gms:play-services-auth:20.7.0] AndroidManifest.xml:24:13-93
78            android:excludeFromRecents="true"
78-->[com.google.android.gms:play-services-auth:20.7.0] AndroidManifest.xml:25:13-46
79            android:exported="false"
79-->[com.google.android.gms:play-services-auth:20.7.0] AndroidManifest.xml:26:13-37
80            android:theme="@android:style/Theme.Translucent.NoTitleBar" />
80-->[com.google.android.gms:play-services-auth:20.7.0] AndroidManifest.xml:27:13-72
81        <!--
82            Service handling Google Sign-In user revocation. For apps that do not integrate with
83            Google Sign-In, this service will never be started.
84        -->
85        <service
85-->[com.google.android.gms:play-services-auth:20.7.0] AndroidManifest.xml:33:9-37:51
86            android:name="com.google.android.gms.auth.api.signin.RevocationBoundService"
86-->[com.google.android.gms:play-services-auth:20.7.0] AndroidManifest.xml:34:13-89
87            android:exported="true"
87-->[com.google.android.gms:play-services-auth:20.7.0] AndroidManifest.xml:35:13-36
88            android:permission="com.google.android.gms.auth.api.signin.permission.REVOCATION_NOTIFICATION"
88-->[com.google.android.gms:play-services-auth:20.7.0] AndroidManifest.xml:36:13-107
89            android:visibleToInstantApps="true" />
89-->[com.google.android.gms:play-services-auth:20.7.0] AndroidManifest.xml:37:13-48
90        <service
90-->[com.google.firebase:firebase-auth-ktx:22.3.1] AndroidManifest.xml:8:9-14:19
91            android:name="com.google.firebase.components.ComponentDiscoveryService"
91-->[com.google.firebase:firebase-auth-ktx:22.3.1] AndroidManifest.xml:9:13-84
92            android:directBootAware="true"
92-->[com.google.firebase:firebase-common:20.4.2] AndroidManifest.xml:32:13-43
93            android:exported="false" >
93-->[com.google.firebase:firebase-auth-ktx:22.3.1] AndroidManifest.xml:10:13-37
94            <meta-data
94-->[com.google.firebase:firebase-auth-ktx:22.3.1] AndroidManifest.xml:11:13-13:85
95                android:name="com.google.firebase.components:com.google.firebase.auth.ktx.FirebaseAuthLegacyRegistrar"
95-->[com.google.firebase:firebase-auth-ktx:22.3.1] AndroidManifest.xml:12:17-119
96                android:value="com.google.firebase.components.ComponentRegistrar" />
96-->[com.google.firebase:firebase-auth-ktx:22.3.1] AndroidManifest.xml:13:17-82
97            <meta-data
97-->[com.google.firebase:firebase-auth:22.3.1] AndroidManifest.xml:69:13-71:85
98                android:name="com.google.firebase.components:com.google.firebase.auth.FirebaseAuthRegistrar"
98-->[com.google.firebase:firebase-auth:22.3.1] AndroidManifest.xml:70:17-109
99                android:value="com.google.firebase.components.ComponentRegistrar" />
99-->[com.google.firebase:firebase-auth:22.3.1] AndroidManifest.xml:71:17-82
100            <meta-data
100-->[com.google.firebase:firebase-storage-ktx:20.3.0] AndroidManifest.xml:12:13-14:85
101                android:name="com.google.firebase.components:com.google.firebase.storage.ktx.FirebaseStorageLegacyRegistrar"
101-->[com.google.firebase:firebase-storage-ktx:20.3.0] AndroidManifest.xml:13:17-125
102                android:value="com.google.firebase.components.ComponentRegistrar" />
102-->[com.google.firebase:firebase-storage-ktx:20.3.0] AndroidManifest.xml:14:17-82
103            <meta-data
103-->[com.google.firebase:firebase-storage:20.3.0] AndroidManifest.xml:30:13-32:85
104                android:name="com.google.firebase.components:com.google.firebase.storage.FirebaseStorageKtxRegistrar"
104-->[com.google.firebase:firebase-storage:20.3.0] AndroidManifest.xml:31:17-118
105                android:value="com.google.firebase.components.ComponentRegistrar" />
105-->[com.google.firebase:firebase-storage:20.3.0] AndroidManifest.xml:32:17-82
106            <meta-data
106-->[com.google.firebase:firebase-storage:20.3.0] AndroidManifest.xml:33:13-35:85
107                android:name="com.google.firebase.components:com.google.firebase.storage.StorageRegistrar"
107-->[com.google.firebase:firebase-storage:20.3.0] AndroidManifest.xml:34:17-107
108                android:value="com.google.firebase.components.ComponentRegistrar" />
108-->[com.google.firebase:firebase-storage:20.3.0] AndroidManifest.xml:35:17-82
109            <meta-data
109-->[com.google.firebase:firebase-firestore-ktx:24.10.3] AndroidManifest.xml:12:13-14:85
110                android:name="com.google.firebase.components:com.google.firebase.firestore.ktx.FirebaseFirestoreLegacyRegistrar"
110-->[com.google.firebase:firebase-firestore-ktx:24.10.3] AndroidManifest.xml:13:17-129
111                android:value="com.google.firebase.components.ComponentRegistrar" />
111-->[com.google.firebase:firebase-firestore-ktx:24.10.3] AndroidManifest.xml:14:17-82
112            <meta-data
112-->[com.google.firebase:firebase-firestore:24.10.3] AndroidManifest.xml:17:13-19:85
113                android:name="com.google.firebase.components:com.google.firebase.firestore.FirebaseFirestoreKtxRegistrar"
113-->[com.google.firebase:firebase-firestore:24.10.3] AndroidManifest.xml:18:17-122
114                android:value="com.google.firebase.components.ComponentRegistrar" />
114-->[com.google.firebase:firebase-firestore:24.10.3] AndroidManifest.xml:19:17-82
115            <meta-data
115-->[com.google.firebase:firebase-firestore:24.10.3] AndroidManifest.xml:20:13-22:85
116                android:name="com.google.firebase.components:com.google.firebase.firestore.FirestoreRegistrar"
116-->[com.google.firebase:firebase-firestore:24.10.3] AndroidManifest.xml:21:17-111
117                android:value="com.google.firebase.components.ComponentRegistrar" />
117-->[com.google.firebase:firebase-firestore:24.10.3] AndroidManifest.xml:22:17-82
118            <meta-data
118-->[com.google.firebase:firebase-appcheck:17.1.2] AndroidManifest.xml:25:13-27:85
119                android:name="com.google.firebase.components:com.google.firebase.appcheck.FirebaseAppCheckKtxRegistrar"
119-->[com.google.firebase:firebase-appcheck:17.1.2] AndroidManifest.xml:26:17-120
120                android:value="com.google.firebase.components.ComponentRegistrar" />
120-->[com.google.firebase:firebase-appcheck:17.1.2] AndroidManifest.xml:27:17-82
121            <meta-data
121-->[com.google.firebase:firebase-appcheck:17.1.2] AndroidManifest.xml:28:13-30:85
122                android:name="com.google.firebase.components:com.google.firebase.appcheck.FirebaseAppCheckRegistrar"
122-->[com.google.firebase:firebase-appcheck:17.1.2] AndroidManifest.xml:29:17-117
123                android:value="com.google.firebase.components.ComponentRegistrar" />
123-->[com.google.firebase:firebase-appcheck:17.1.2] AndroidManifest.xml:30:17-82
124            <meta-data
124-->[com.google.firebase:firebase-crashlytics-ktx:18.6.2] AndroidManifest.xml:24:13-26:85
125                android:name="com.google.firebase.components:com.google.firebase.crashlytics.ktx.FirebaseCrashlyticsKtxRegistrar"
125-->[com.google.firebase:firebase-crashlytics-ktx:18.6.2] AndroidManifest.xml:25:17-130
126                android:value="com.google.firebase.components.ComponentRegistrar" />
126-->[com.google.firebase:firebase-crashlytics-ktx:18.6.2] AndroidManifest.xml:26:17-82
127            <meta-data
127-->[com.google.firebase:firebase-crashlytics:18.6.2] AndroidManifest.xml:15:13-17:85
128                android:name="com.google.firebase.components:com.google.firebase.crashlytics.FirebaseCrashlyticsKtxRegistrar"
128-->[com.google.firebase:firebase-crashlytics:18.6.2] AndroidManifest.xml:16:17-126
129                android:value="com.google.firebase.components.ComponentRegistrar" />
129-->[com.google.firebase:firebase-crashlytics:18.6.2] AndroidManifest.xml:17:17-82
130            <meta-data
130-->[com.google.firebase:firebase-crashlytics:18.6.2] AndroidManifest.xml:18:13-20:85
131                android:name="com.google.firebase.components:com.google.firebase.crashlytics.CrashlyticsRegistrar"
131-->[com.google.firebase:firebase-crashlytics:18.6.2] AndroidManifest.xml:19:17-115
132                android:value="com.google.firebase.components.ComponentRegistrar" />
132-->[com.google.firebase:firebase-crashlytics:18.6.2] AndroidManifest.xml:20:17-82
133            <meta-data
133-->[com.google.firebase:firebase-sessions:1.2.1] AndroidManifest.xml:29:13-31:85
134                android:name="com.google.firebase.components:com.google.firebase.sessions.FirebaseSessionsRegistrar"
134-->[com.google.firebase:firebase-sessions:1.2.1] AndroidManifest.xml:30:17-117
135                android:value="com.google.firebase.components.ComponentRegistrar" />
135-->[com.google.firebase:firebase-sessions:1.2.1] AndroidManifest.xml:31:17-82
136            <meta-data
136-->[com.google.firebase:firebase-installations:17.2.0] AndroidManifest.xml:15:13-17:85
137                android:name="com.google.firebase.components:com.google.firebase.installations.FirebaseInstallationsKtxRegistrar"
137-->[com.google.firebase:firebase-installations:17.2.0] AndroidManifest.xml:16:17-130
138                android:value="com.google.firebase.components.ComponentRegistrar" />
138-->[com.google.firebase:firebase-installations:17.2.0] AndroidManifest.xml:17:17-82
139            <meta-data
139-->[com.google.firebase:firebase-installations:17.2.0] AndroidManifest.xml:18:13-20:85
140                android:name="com.google.firebase.components:com.google.firebase.installations.FirebaseInstallationsRegistrar"
140-->[com.google.firebase:firebase-installations:17.2.0] AndroidManifest.xml:19:17-127
141                android:value="com.google.firebase.components.ComponentRegistrar" />
141-->[com.google.firebase:firebase-installations:17.2.0] AndroidManifest.xml:20:17-82
142            <meta-data
142-->[com.google.firebase:firebase-common-ktx:20.4.2] AndroidManifest.xml:12:13-14:85
143                android:name="com.google.firebase.components:com.google.firebase.ktx.FirebaseCommonLegacyRegistrar"
143-->[com.google.firebase:firebase-common-ktx:20.4.2] AndroidManifest.xml:13:17-116
144                android:value="com.google.firebase.components.ComponentRegistrar" />
144-->[com.google.firebase:firebase-common-ktx:20.4.2] AndroidManifest.xml:14:17-82
145            <meta-data
145-->[com.google.firebase:firebase-common:20.4.2] AndroidManifest.xml:35:13-37:85
146                android:name="com.google.firebase.components:com.google.firebase.FirebaseCommonKtxRegistrar"
146-->[com.google.firebase:firebase-common:20.4.2] AndroidManifest.xml:36:17-109
147                android:value="com.google.firebase.components.ComponentRegistrar" />
147-->[com.google.firebase:firebase-common:20.4.2] AndroidManifest.xml:37:17-82
148            <meta-data
148-->[com.google.firebase:firebase-datatransport:18.1.8] AndroidManifest.xml:27:13-29:85
149                android:name="com.google.firebase.components:com.google.firebase.datatransport.TransportRegistrar"
149-->[com.google.firebase:firebase-datatransport:18.1.8] AndroidManifest.xml:28:17-115
150                android:value="com.google.firebase.components.ComponentRegistrar" />
150-->[com.google.firebase:firebase-datatransport:18.1.8] AndroidManifest.xml:29:17-82
151        </service>
152
153        <activity
153-->[com.google.firebase:firebase-auth:22.3.1] AndroidManifest.xml:29:9-46:20
154            android:name="com.google.firebase.auth.internal.GenericIdpActivity"
154-->[com.google.firebase:firebase-auth:22.3.1] AndroidManifest.xml:30:13-80
155            android:excludeFromRecents="true"
155-->[com.google.firebase:firebase-auth:22.3.1] AndroidManifest.xml:31:13-46
156            android:exported="true"
156-->[com.google.firebase:firebase-auth:22.3.1] AndroidManifest.xml:32:13-36
157            android:launchMode="singleTask"
157-->[com.google.firebase:firebase-auth:22.3.1] AndroidManifest.xml:33:13-44
158            android:theme="@android:style/Theme.Translucent.NoTitleBar" >
158-->[com.google.firebase:firebase-auth:22.3.1] AndroidManifest.xml:34:13-72
159            <intent-filter>
159-->[com.google.firebase:firebase-auth:22.3.1] AndroidManifest.xml:35:13-45:29
160                <action android:name="android.intent.action.VIEW" />
160-->[com.google.firebase:firebase-auth:22.3.1] AndroidManifest.xml:36:17-69
160-->[com.google.firebase:firebase-auth:22.3.1] AndroidManifest.xml:36:25-66
161
162                <category android:name="android.intent.category.DEFAULT" />
162-->[com.google.firebase:firebase-auth:22.3.1] AndroidManifest.xml:38:17-76
162-->[com.google.firebase:firebase-auth:22.3.1] AndroidManifest.xml:38:27-73
163                <category android:name="android.intent.category.BROWSABLE" />
163-->[com.google.firebase:firebase-auth:22.3.1] AndroidManifest.xml:39:17-78
163-->[com.google.firebase:firebase-auth:22.3.1] AndroidManifest.xml:39:27-75
164
165                <data
165-->[com.google.firebase:firebase-auth:22.3.1] AndroidManifest.xml:41:17-44:51
166                    android:host="firebase.auth"
166-->[com.google.firebase:firebase-auth:22.3.1] AndroidManifest.xml:42:21-49
167                    android:path="/"
167-->[com.google.firebase:firebase-auth:22.3.1] AndroidManifest.xml:43:21-37
168                    android:scheme="genericidp" />
168-->[com.google.firebase:firebase-auth:22.3.1] AndroidManifest.xml:44:21-48
169            </intent-filter>
170        </activity>
171        <activity
171-->[com.google.firebase:firebase-auth:22.3.1] AndroidManifest.xml:47:9-64:20
172            android:name="com.google.firebase.auth.internal.RecaptchaActivity"
172-->[com.google.firebase:firebase-auth:22.3.1] AndroidManifest.xml:48:13-79
173            android:excludeFromRecents="true"
173-->[com.google.firebase:firebase-auth:22.3.1] AndroidManifest.xml:49:13-46
174            android:exported="true"
174-->[com.google.firebase:firebase-auth:22.3.1] AndroidManifest.xml:50:13-36
175            android:launchMode="singleTask"
175-->[com.google.firebase:firebase-auth:22.3.1] AndroidManifest.xml:51:13-44
176            android:theme="@android:style/Theme.Translucent.NoTitleBar" >
176-->[com.google.firebase:firebase-auth:22.3.1] AndroidManifest.xml:52:13-72
177            <intent-filter>
177-->[com.google.firebase:firebase-auth:22.3.1] AndroidManifest.xml:53:13-63:29
178                <action android:name="android.intent.action.VIEW" />
178-->[com.google.firebase:firebase-auth:22.3.1] AndroidManifest.xml:36:17-69
178-->[com.google.firebase:firebase-auth:22.3.1] AndroidManifest.xml:36:25-66
179
180                <category android:name="android.intent.category.DEFAULT" />
180-->[com.google.firebase:firebase-auth:22.3.1] AndroidManifest.xml:38:17-76
180-->[com.google.firebase:firebase-auth:22.3.1] AndroidManifest.xml:38:27-73
181                <category android:name="android.intent.category.BROWSABLE" />
181-->[com.google.firebase:firebase-auth:22.3.1] AndroidManifest.xml:39:17-78
181-->[com.google.firebase:firebase-auth:22.3.1] AndroidManifest.xml:39:27-75
182
183                <data
183-->[com.google.firebase:firebase-auth:22.3.1] AndroidManifest.xml:41:17-44:51
184                    android:host="firebase.auth"
184-->[com.google.firebase:firebase-auth:22.3.1] AndroidManifest.xml:42:21-49
185                    android:path="/"
185-->[com.google.firebase:firebase-auth:22.3.1] AndroidManifest.xml:43:21-37
186                    android:scheme="recaptcha" />
186-->[com.google.firebase:firebase-auth:22.3.1] AndroidManifest.xml:44:21-48
187            </intent-filter>
188        </activity>
189        <activity
189-->[com.google.android.gms:play-services-base:18.1.0] AndroidManifest.xml:20:9-22:45
190            android:name="com.google.android.gms.common.api.GoogleApiActivity"
190-->[com.google.android.gms:play-services-base:18.1.0] AndroidManifest.xml:20:19-85
191            android:exported="false"
191-->[com.google.android.gms:play-services-base:18.1.0] AndroidManifest.xml:22:19-43
192            android:theme="@android:style/Theme.Translucent.NoTitleBar" />
192-->[com.google.android.gms:play-services-base:18.1.0] AndroidManifest.xml:21:19-78
193
194        <service
194-->[com.google.firebase:firebase-sessions:1.2.1] AndroidManifest.xml:22:9-25:40
195            android:name="com.google.firebase.sessions.SessionLifecycleService"
195-->[com.google.firebase:firebase-sessions:1.2.1] AndroidManifest.xml:23:13-80
196            android:enabled="true"
196-->[com.google.firebase:firebase-sessions:1.2.1] AndroidManifest.xml:24:13-35
197            android:exported="false" />
197-->[com.google.firebase:firebase-sessions:1.2.1] AndroidManifest.xml:25:13-37
198
199        <provider
199-->[com.google.firebase:firebase-common:20.4.2] AndroidManifest.xml:23:9-28:39
200            android:name="com.google.firebase.provider.FirebaseInitProvider"
200-->[com.google.firebase:firebase-common:20.4.2] AndroidManifest.xml:24:13-77
201            android:authorities="com.example.gestaobilhares.firebaseinitprovider"
201-->[com.google.firebase:firebase-common:20.4.2] AndroidManifest.xml:25:13-72
202            android:directBootAware="true"
202-->[com.google.firebase:firebase-common:20.4.2] AndroidManifest.xml:26:13-43
203            android:exported="false"
203-->[com.google.firebase:firebase-common:20.4.2] AndroidManifest.xml:27:13-37
204            android:initOrder="100" />
204-->[com.google.firebase:firebase-common:20.4.2] AndroidManifest.xml:28:13-36
205
206        <service
206-->[androidx.room:room-runtime:2.6.1] AndroidManifest.xml:24:9-28:63
207            android:name="androidx.room.MultiInstanceInvalidationService"
207-->[androidx.room:room-runtime:2.6.1] AndroidManifest.xml:25:13-74
208            android:directBootAware="true"
208-->[androidx.room:room-runtime:2.6.1] AndroidManifest.xml:26:13-43
209            android:exported="false" />
209-->[androidx.room:room-runtime:2.6.1] AndroidManifest.xml:27:13-37
210
211        <provider
211-->[androidx.work:work-runtime:2.9.1] AndroidManifest.xml:29:9-37:20
212            android:name="androidx.startup.InitializationProvider"
212-->[androidx.work:work-runtime:2.9.1] AndroidManifest.xml:30:13-67
213            android:authorities="com.example.gestaobilhares.androidx-startup"
213-->[androidx.work:work-runtime:2.9.1] AndroidManifest.xml:31:13-68
214            android:exported="false" >
214-->[androidx.work:work-runtime:2.9.1] AndroidManifest.xml:32:13-37
215            <meta-data
215-->[androidx.work:work-runtime:2.9.1] AndroidManifest.xml:34:13-36:52
216                android:name="androidx.work.WorkManagerInitializer"
216-->[androidx.work:work-runtime:2.9.1] AndroidManifest.xml:35:17-68
217                android:value="androidx.startup" />
217-->[androidx.work:work-runtime:2.9.1] AndroidManifest.xml:36:17-49
218            <meta-data
218-->[androidx.emoji2:emoji2:1.4.0] AndroidManifest.xml:29:13-31:52
219                android:name="androidx.emoji2.text.EmojiCompatInitializer"
219-->[androidx.emoji2:emoji2:1.4.0] AndroidManifest.xml:30:17-75
220                android:value="androidx.startup" />
220-->[androidx.emoji2:emoji2:1.4.0] AndroidManifest.xml:31:17-49
221            <meta-data
221-->[androidx.lifecycle:lifecycle-process:2.7.0] AndroidManifest.xml:29:13-31:52
222                android:name="androidx.lifecycle.ProcessLifecycleInitializer"
222-->[androidx.lifecycle:lifecycle-process:2.7.0] AndroidManifest.xml:30:17-78
223                android:value="androidx.startup" />
223-->[androidx.lifecycle:lifecycle-process:2.7.0] AndroidManifest.xml:31:17-49
224            <meta-data
224-->[androidx.profileinstaller:profileinstaller:1.3.0] AndroidManifest.xml:29:13-31:52
225                android:name="androidx.profileinstaller.ProfileInstallerInitializer"
225-->[androidx.profileinstaller:profileinstaller:1.3.0] AndroidManifest.xml:30:17-85
226                android:value="androidx.startup" />
226-->[androidx.profileinstaller:profileinstaller:1.3.0] AndroidManifest.xml:31:17-49
227        </provider>
228
229        <service
229-->[androidx.work:work-runtime:2.9.1] AndroidManifest.xml:39:9-45:35
230            android:name="androidx.work.impl.background.systemalarm.SystemAlarmService"
230-->[androidx.work:work-runtime:2.9.1] AndroidManifest.xml:40:13-88
231            android:directBootAware="false"
231-->[androidx.work:work-runtime:2.9.1] AndroidManifest.xml:41:13-44
232            android:enabled="@bool/enable_system_alarm_service_default"
232-->[androidx.work:work-runtime:2.9.1] AndroidManifest.xml:42:13-72
233            android:exported="false" />
233-->[androidx.work:work-runtime:2.9.1] AndroidManifest.xml:43:13-37
234        <service
234-->[androidx.work:work-runtime:2.9.1] AndroidManifest.xml:46:9-52:35
235            android:name="androidx.work.impl.background.systemjob.SystemJobService"
235-->[androidx.work:work-runtime:2.9.1] AndroidManifest.xml:47:13-84
236            android:directBootAware="false"
236-->[androidx.work:work-runtime:2.9.1] AndroidManifest.xml:48:13-44
237            android:enabled="@bool/enable_system_job_service_default"
237-->[androidx.work:work-runtime:2.9.1] AndroidManifest.xml:49:13-70
238            android:exported="true"
238-->[androidx.work:work-runtime:2.9.1] AndroidManifest.xml:50:13-36
239            android:permission="android.permission.BIND_JOB_SERVICE" />
239-->[androidx.work:work-runtime:2.9.1] AndroidManifest.xml:51:13-69
240        <service
240-->[androidx.work:work-runtime:2.9.1] AndroidManifest.xml:53:9-59:35
241            android:name="androidx.work.impl.foreground.SystemForegroundService"
241-->[androidx.work:work-runtime:2.9.1] AndroidManifest.xml:54:13-81
242            android:directBootAware="false"
242-->[androidx.work:work-runtime:2.9.1] AndroidManifest.xml:55:13-44
243            android:enabled="@bool/enable_system_foreground_service_default"
243-->[androidx.work:work-runtime:2.9.1] AndroidManifest.xml:56:13-77
244            android:exported="false" />
244-->[androidx.work:work-runtime:2.9.1] AndroidManifest.xml:57:13-37
245
246        <receiver
246-->[androidx.work:work-runtime:2.9.1] AndroidManifest.xml:61:9-66:35
247            android:name="androidx.work.impl.utils.ForceStopRunnable$BroadcastReceiver"
247-->[androidx.work:work-runtime:2.9.1] AndroidManifest.xml:62:13-88
248            android:directBootAware="false"
248-->[androidx.work:work-runtime:2.9.1] AndroidManifest.xml:63:13-44
249            android:enabled="true"
249-->[androidx.work:work-runtime:2.9.1] AndroidManifest.xml:64:13-35
250            android:exported="false" />
250-->[androidx.work:work-runtime:2.9.1] AndroidManifest.xml:65:13-37
251        <receiver
251-->[androidx.work:work-runtime:2.9.1] AndroidManifest.xml:67:9-77:20
252            android:name="androidx.work.impl.background.systemalarm.ConstraintProxy$BatteryChargingProxy"
252-->[androidx.work:work-runtime:2.9.1] AndroidManifest.xml:68:13-106
253            android:directBootAware="false"
253-->[androidx.work:work-runtime:2.9.1] AndroidManifest.xml:69:13-44
254            android:enabled="false"
254-->[androidx.work:work-runtime:2.9.1] AndroidManifest.xml:70:13-36
255            android:exported="false" >
255-->[androidx.work:work-runtime:2.9.1] AndroidManifest.xml:71:13-37
256            <intent-filter>
256-->[androidx.work:work-runtime:2.9.1] AndroidManifest.xml:73:13-76:29